
Bookãƒ¢ãƒ‡ãƒ«ã®ãƒ†ã‚¹ãƒˆ
  ãƒãƒªãƒ‡ãƒ¼ã‚·ãƒ§ãƒ³ã®ãƒ†ã‚¹ãƒˆ
    titleã‚«ãƒ©ãƒ 
[32m      ç©ºæ¬„ã§ãªã„ã“ã¨[0m
    bodyã‚«ãƒ©ãƒ 
[32m      ç©ºæ¬„ã§ãªã„ã“ã¨[0m
[32m      200æ–‡å­—ä»¥ä¸‹ã§ã‚ã‚‹ã“ã¨[0m
  ã‚¢ã‚½ã‚·ã‚¨ãƒ¼ã‚·ãƒ§ãƒ³ã®ãƒ†ã‚¹ãƒˆ
    Userãƒ¢ãƒ‡ãƒ«ã¨ã®é–¢ä¿‚
[32m      N:1ã¨ãªã£ã¦ã„ã‚‹[0m

Userãƒ¢ãƒ‡ãƒ«ã®ãƒ†ã‚¹ãƒˆ
  ãƒãƒªãƒ‡ãƒ¼ã‚·ãƒ§ãƒ³ã®ãƒ†ã‚¹ãƒˆ
    nameã‚«ãƒ©ãƒ 
[32m      ç©ºæ¬„ã§ãªã„ã“ã¨[0m
[32m      2æ–‡å­—ä»¥ä¸Šã§ã‚ã‚‹ã“ã¨[0m
[32m      20æ–‡å­—ä»¥ä¸‹ã§ã‚ã‚‹ã“ã¨[0m
    introductionã‚«ãƒ©ãƒ 
[31m      50æ–‡å­—ä»¥ä¸‹ã§ã‚ã‚‹ã“ã¨ (FAILED - 1)[0m
  ã‚¢ã‚½ã‚·ã‚¨ãƒ¼ã‚·ãƒ§ãƒ³ã®ãƒ†ã‚¹ãƒˆ
    Bookãƒ¢ãƒ‡ãƒ«ã¨ã®é–¢ä¿‚
[31m      1:Nã¨ãªã£ã¦ã„ã‚‹ (FAILED - 2)[0m

æŠ•ç¨¿ã®ãƒ†ã‚¹ãƒˆ
  ã‚µã‚¤ãƒ‰ãƒãƒ¼ã®ãƒ†ã‚¹ãƒˆ
    è¡¨ç¤ºã®ç¢ºèª
[32m      New bookã¨è¡¨ç¤ºã•ã‚Œã‚‹[0m
[32m      titleãƒ•ã‚©ãƒ¼ãƒ ãŒè¡¨ç¤ºã•ã‚Œã‚‹[0m
[32m      opinionãƒ•ã‚©ãƒ¼ãƒ ãŒè¡¨ç¤ºã•ã‚Œã‚‹[0m
[32m      Create Bookãƒœã‚¿ãƒ³ãŒè¡¨ç¤ºã•ã‚Œã‚‹[0m
[31m      æŠ•ç¨¿ã«æˆåŠŸã™ã‚‹ (FAILED - 3)[0m
[32m      æŠ•ç¨¿ã«å¤±æ•—ã™ã‚‹[0m
  ç·¨é›†ã®ãƒ†ã‚¹ãƒˆ
    è‡ªåˆ†ã®æŠ•ç¨¿ã®ç·¨é›†ç”»é¢ã¸ã®é·ç§»
[32m      é·ç§»ã§ãã‚‹[0m
    ä»–äººã®æŠ•ç¨¿ã®ç·¨é›†ç”»é¢ã¸ã®é·ç§»
[31m      é·ç§»ã§ããªã„ (FAILED - 4)[0m
    è¡¨ç¤ºã®ç¢ºèª
[32m      Editing Bookã¨è¡¨ç¤ºã•ã‚Œã‚‹[0m
[32m      titleç·¨é›†ãƒ•ã‚©ãƒ¼ãƒ ãŒè¡¨ç¤ºã•ã‚Œã‚‹[0m
[32m      opinionç·¨é›†ãƒ•ã‚©ãƒ¼ãƒ ãŒè¡¨ç¤ºã•ã‚Œã‚‹[0m
[32m      Showãƒªãƒ³ã‚¯ãŒè¡¨ç¤ºã•ã‚Œã‚‹[0m
[32m      Backãƒªãƒ³ã‚¯ãŒè¡¨ç¤ºã•ã‚Œã‚‹[0m
    ãƒ•ã‚©ãƒ¼ãƒ ã®ç¢ºèª
[32m      ç·¨é›†ã«æˆåŠŸã™ã‚‹[0m
[31m      ç·¨é›†ã«å¤±æ•—ã™ã‚‹ (FAILED - 5)[0m
  ä¸€è¦§ç”»é¢ã®ãƒ†ã‚¹ãƒˆ
    è¡¨ç¤ºã®ç¢ºèª
[32m      Booksã¨è¡¨ç¤ºã•ã‚Œã‚‹[0m
[31m      è‡ªåˆ†ã¨ä»–äººã®ç”»åƒã®ãƒªãƒ³ã‚¯å…ˆãŒæ­£ã—ã„ (FAILED - 6)[0m
[32m      è‡ªåˆ†ã¨ä»–äººã®ã‚¿ã‚¤ãƒˆãƒ«ã®ãƒªãƒ³ã‚¯å…ˆãŒæ­£ã—ã„[0m
[32m      è‡ªåˆ†ã¨ä»–äººã®ã‚ªãƒ”ãƒ‹ã‚ªãƒ³ãŒè¡¨ç¤ºã•ã‚Œã‚‹[0m
  è©³ç´°ç”»é¢ã®ãƒ†ã‚¹ãƒˆ
    è‡ªåˆ†ãƒ»ä»–äººå…±é€šã®æŠ•ç¨¿è©³ç´°ç”»é¢ã®è¡¨ç¤ºã‚’ç¢ºèª
[32m      Book detailã¨è¡¨ç¤ºã•ã‚Œã‚‹[0m
[31m      ãƒ¦ãƒ¼ã‚¶ãƒ¼ç”»åƒãƒ»åå‰ã®ãƒªãƒ³ã‚¯å…ˆãŒæ­£ã—ã„ (FAILED - 7)[0m
[32m      æŠ•ç¨¿ã®titleãŒè¡¨ç¤ºã•ã‚Œã‚‹[0m
[32m      æŠ•ç¨¿ã®opinionãŒè¡¨ç¤ºã•ã‚Œã‚‹[0m
    è‡ªåˆ†ã®æŠ•ç¨¿è©³ç´°ç”»é¢ã®è¡¨ç¤ºã‚’ç¢ºèª
[32m      æŠ•ç¨¿ã®ç·¨é›†ãƒªãƒ³ã‚¯ãŒè¡¨ç¤ºã•ã‚Œã‚‹[0m
[32m      æŠ•ç¨¿ã®å‰Šé™¤ãƒªãƒ³ã‚¯ãŒè¡¨ç¤ºã•ã‚Œã‚‹[0m
    ä»–äººã®æŠ•ç¨¿è©³ç´°ç”»é¢ã®è¡¨ç¤ºã‚’ç¢ºèª
[32m      æŠ•ç¨¿ã®ç·¨é›†ãƒªãƒ³ã‚¯ãŒè¡¨ç¤ºã•ã‚Œãªã„[0m
[32m      æŠ•ç¨¿ã®å‰Šé™¤ãƒªãƒ³ã‚¯ãŒè¡¨ç¤ºã•ã‚Œãªã„[0m

bootstrapã®ãƒ†ã‚¹ãƒˆ
  ã‚°ãƒªãƒƒãƒ‰ã‚·ã‚¹ãƒ†ãƒ ã®ãƒ†ã‚¹ãƒˆ
    ãƒ¦ãƒ¼ã‚¶ãƒ¼é–¢é€£ç”»é¢
[31m      ä¸€è¦§ç”»é¢ (FAILED - 8)[0m
[31m      è©³ç´°ç”»é¢ (FAILED - 9)[0m
    æŠ•ç¨¿é–¢é€£ç”»é¢
[31m      ä¸€è¦§ç”»é¢ (FAILED - 10)[0m
[31m      è©³ç´°ç”»é¢ (FAILED - 11)[0m

ãƒ˜ãƒƒãƒ€ãƒ¼ã®ãƒ†ã‚¹ãƒˆ
  ãƒ­ã‚°ã‚¤ãƒ³ã—ã¦ã„ãªã„å ´åˆ
    ãƒ˜ãƒƒãƒ€ãƒ¼ã®è¡¨ç¤ºã‚’ç¢ºèª
[32m      ã‚¿ã‚¤ãƒˆãƒ«ãŒè¡¨ç¤ºã•ã‚Œã‚‹[0m
[32m      Homeãƒªãƒ³ã‚¯ãŒè¡¨ç¤ºã•ã‚Œã‚‹[0m
[32m      Aboutãƒªãƒ³ã‚¯ãŒè¡¨ç¤ºã•ã‚Œã‚‹[0m
[31m      Sign upãƒªãƒ³ã‚¯ãŒè¡¨ç¤ºã•ã‚Œã‚‹ (FAILED - 12)[0m
[32m      loginãƒªãƒ³ã‚¯ãŒè¡¨ç¤ºã•ã‚Œã‚‹[0m
    ãƒ˜ãƒƒãƒ€ãƒ¼ã®ãƒªãƒ³ã‚¯ã‚’ç¢ºèª
[32m      Homeç”»é¢ã«é·ç§»ã™ã‚‹[0m
[31m      Aboutç”»é¢ã«é·ç§»ã™ã‚‹ (FAILED - 13)[0m
[32m      æ–°è¦ç™»éŒ²ç”»é¢ã«é·ç§»ã™ã‚‹[0m
[32m      ãƒ­ã‚°ã‚¤ãƒ³ç”»é¢ã«é·ç§»ã™ã‚‹[0m
  ãƒ­ã‚°ã‚¤ãƒ³ã—ã¦ã„ã‚‹å ´åˆ
    ãƒ˜ãƒƒãƒ€ãƒ¼ã®è¡¨ç¤ºã‚’ç¢ºèª
[32m      ã‚¿ã‚¤ãƒˆãƒ«ãŒè¡¨ç¤ºã•ã‚Œã‚‹[0m
[32m      Homeãƒªãƒ³ã‚¯ãŒè¡¨ç¤ºã•ã‚Œã‚‹[0m
[32m      Usersãƒªãƒ³ã‚¯ãŒè¡¨ç¤ºã•ã‚Œã‚‹[0m
[32m      Booksãƒªãƒ³ã‚¯ãŒè¡¨ç¤ºã•ã‚Œã‚‹[0m
[32m      logoutãƒªãƒ³ã‚¯ãŒè¡¨ç¤ºã•ã‚Œã‚‹[0m
    ãƒ˜ãƒƒãƒ€ãƒ¼ã®ãƒªãƒ³ã‚¯ã‚’ç¢ºèª
[32m      Homeç”»é¢ã«é·ç§»ã™ã‚‹[0m
[32m      Usersç”»é¢ã«é·ç§»ã™ã‚‹[0m
[32m      Booksç”»é¢ã«é·ç§»ã™ã‚‹[0m
[32m      logoutã™ã‚‹[0m

ãƒ¦ãƒ¼ã‚¶ãƒ¼æ¨©é™ã®ãƒ†ã‚¹ãƒˆ
  ãƒ­ã‚°ã‚¤ãƒ³ã—ã¦ã„ãªã„å ´åˆ
    æŠ•ç¨¿é–¢é€£ã®URLã«ã‚¢ã‚¯ã‚»ã‚¹
[31m      ä¸€è¦§ç”»é¢ã«é·ç§»ã§ããªã„ (FAILED - 14)[0m
[31m      ç·¨é›†ç”»é¢ã«é·ç§»ã§ããªã„ (FAILED - 15)[0m
[31m      è©³ç´°ç”»é¢ã«é·ç§»ã§ããªã„ (FAILED - 16)[0m
  ãƒ­ã‚°ã‚¤ãƒ³ã—ã¦ã„ãªã„å ´åˆã«ãƒ¦ãƒ¼ã‚¶ãƒ¼é–¢é€£ã®URLã«ã‚¢ã‚¯ã‚»ã‚¹
    ãƒ¦ãƒ¼ã‚¶ãƒ¼é–¢é€£ã®URLã«ã‚¢ã‚¯ã‚»ã‚¹
[31m      ä¸€è¦§ç”»é¢ã«é·ç§»ã§ããªã„ (FAILED - 17)[0m
[31m      ç·¨é›†ç”»é¢ã«é·ç§»ã§ããªã„ (FAILED - 18)[0m
[31m      è©³ç´°ç”»é¢ã«é·ç§»ã§ãªã„ (FAILED - 19)[0m

ãƒˆãƒƒãƒ—ãƒšãƒ¼ã‚¸ã®ãƒ†ã‚¹ãƒˆ
  ãƒœãƒ‡ã‚£éƒ¨åˆ†ã®ãƒ†ã‚¹ãƒˆ
    è¡¨ç¤ºã®ç¢ºèª
[31m      Log inãƒªãƒ³ã‚¯ãŒè¡¨ç¤ºã•ã‚Œã‚‹ (FAILED - 20)[0m
[31m      Sign Upãƒªãƒ³ã‚¯ãŒè¡¨ç¤ºã•ã‚Œã‚‹ (FAILED - 21)[0m
    ãƒ­ã‚°ã‚¤ãƒ³ã—ã¦ã„ã‚‹å ´åˆã®æŒ™å‹•ã‚’ç¢ºèª
[32m      Log inãƒªãƒ³ã‚¯ã‚’ã‚¯ãƒªãƒƒã‚¯ã—ãŸã‚‰ãƒ¦ãƒ¼ã‚¶ãƒ¼è©³ç´°ç”»é¢ã¸é·ç§»ã™ã‚‹[0m
[32m      Sign Upãƒªãƒ³ã‚¯ã‚’ã‚¯ãƒªãƒƒã‚¯ã—ãŸã‚‰ãƒ¦ãƒ¼ã‚¶ãƒ¼è©³ç´°ç”»é¢ã«é·ç§»ã™ã‚‹[0m
    ãƒ­ã‚°ã‚¤ãƒ³ã—ã¦ã„ãªã„å ´åˆã®æŒ™å‹•ã‚’ç¢ºèª
[32m      Log inãƒªãƒ³ã‚¯ã‚’ã‚¯ãƒªãƒƒã‚¯ã—ãŸã‚‰ãƒ­ã‚°ã‚¤ãƒ³ç”»é¢ã¸é·ç§»ã™ã‚‹[0m
[32m      Sign Upãƒªãƒ³ã‚¯ã‚’ã‚¯ãƒªãƒƒã‚¯ã—ãŸã‚‰æ–°è¦ç™»éŒ²ç”»é¢ã«é·ç§»ã™ã‚‹[0m

ãƒ¦ãƒ¼ã‚¶ãƒ¼èªè¨¼ã®ãƒ†ã‚¹ãƒˆ
  ãƒ¦ãƒ¼ã‚¶ãƒ¼æ–°è¦ç™»éŒ²
    æ–°è¦ç™»éŒ²ç”»é¢ã«é·ç§»
[32m      æ–°è¦ç™»éŒ²ã«æˆåŠŸã™ã‚‹[0m
[32m      æ–°è¦ç™»éŒ²ã«å¤±æ•—ã™ã‚‹[0m
  ãƒ¦ãƒ¼ã‚¶ãƒ¼ãƒ­ã‚°ã‚¤ãƒ³
    ãƒ­ã‚°ã‚¤ãƒ³ç”»é¢ã«é·ç§»
[32m      ãƒ­ã‚°ã‚¤ãƒ³ã«æˆåŠŸã™ã‚‹[0m
[32m      ãƒ­ã‚°ã‚¤ãƒ³ã«å¤±æ•—ã™ã‚‹[0m

ãƒ¦ãƒ¼ã‚¶ãƒ¼ã®ãƒ†ã‚¹ãƒˆ
  ã‚µã‚¤ãƒ‰ãƒãƒ¼ã®ãƒ†ã‚¹ãƒˆ
    è¡¨ç¤ºã®ç¢ºèª
[32m      User infoã¨è¡¨ç¤ºã•ã‚Œã‚‹[0m
[31m      ç”»åƒãŒè¡¨ç¤ºã•ã‚Œã‚‹ (FAILED - 22)[0m
[32m      åå‰ãŒè¡¨ç¤ºã•ã‚Œã‚‹[0m
[32m      è‡ªå·±ç´¹ä»‹ãŒè¡¨ç¤ºã•ã‚Œã‚‹[0m
[32m      ç·¨é›†ãƒªãƒ³ã‚¯ãŒè¡¨ç¤ºã•ã‚Œã‚‹[0m
  ç·¨é›†ã®ãƒ†ã‚¹ãƒˆ
    è‡ªåˆ†ã®ç·¨é›†ç”»é¢ã¸ã®é·ç§»
[32m      é·ç§»ã§ãã‚‹[0m
    ä»–äººã®ç·¨é›†ç”»é¢ã¸ã®é·ç§»
[31m      é·ç§»ã§ããªã„ (FAILED - 23)[0m
    è¡¨ç¤ºã®ç¢ºèª
[32m      User infoã¨è¡¨ç¤ºã•ã‚Œã‚‹[0m
[32m      åå‰ç·¨é›†ãƒ•ã‚©ãƒ¼ãƒ ã«è‡ªåˆ†ã®åå‰ãŒè¡¨ç¤ºã•ã‚Œã‚‹[0m
[32m      ç”»åƒç·¨é›†ãƒ•ã‚©ãƒ¼ãƒ ãŒè¡¨ç¤ºã•ã‚Œã‚‹[0m
[32m      è‡ªå·±ç´¹ä»‹ç·¨é›†ãƒ•ã‚©ãƒ¼ãƒ ã«è‡ªåˆ†ã®è‡ªå·±ç´¹ä»‹ãŒè¡¨ç¤ºã•ã‚Œã‚‹[0m
[31m      ç·¨é›†ã«æˆåŠŸã™ã‚‹ (FAILED - 24)[0m
[31m      ç·¨é›†ã«å¤±æ•—ã™ã‚‹ (FAILED - 25)[0m
  ä¸€è¦§ç”»é¢ã®ãƒ†ã‚¹ãƒˆ
    è¡¨ç¤ºã®ç¢ºèª
[32m      Usersã¨è¡¨ç¤ºã•ã‚Œã‚‹[0m
[31m      è‡ªåˆ†ã¨ä»–ã®äººã®ç”»åƒãŒè¡¨ç¤ºã•ã‚Œã‚‹ (FAILED - 26)[0m
[32m      è‡ªåˆ†ã¨ä»–ã®äººã®åå‰ãŒè¡¨ç¤ºã•ã‚Œã‚‹[0m
[31m      showãƒªãƒ³ã‚¯ãŒè¡¨ç¤ºã•ã‚Œã‚‹ (FAILED - 27)[0m
  è©³ç´°ç”»é¢ã®ãƒ†ã‚¹ãƒˆ
    è¡¨ç¤ºã®ç¢ºèª
[32m      Booksã¨è¡¨ç¤ºã•ã‚Œã‚‹[0m
[32m      æŠ•ç¨¿ä¸€è¦§ã®ãƒ¦ãƒ¼ã‚¶ãƒ¼ã®ç”»åƒã®ãƒªãƒ³ã‚¯å…ˆãŒæ­£ã—ã„[0m
[32m      æŠ•ç¨¿ä¸€è¦§ã®titleã®ãƒªãƒ³ã‚¯å…ˆãŒæ­£ã—ã„[0m
[32m      æŠ•ç¨¿ä¸€è¦§ã«opinionãŒè¡¨ç¤ºã•ã‚Œã‚‹[0m

Failures:

  1) Userãƒ¢ãƒ‡ãƒ«ã®ãƒ†ã‚¹ãƒˆ ãƒãƒªãƒ‡ãƒ¼ã‚·ãƒ§ãƒ³ã®ãƒ†ã‚¹ãƒˆ introductionã‚«ãƒ©ãƒ  50æ–‡å­—ä»¥ä¸‹ã§ã‚ã‚‹ã“ã¨
     [31mFailure/Error: [0mis_expected.to eq [1;36mfalse[0m[0m
     [31m[0m
     [31m  expected: false[0m
     [31m       got: true[0m
     [31m[0m
     [31m  (compared using ==)[0m
     [31m[0m
     [31m  Diff:[0m[0m
     [31m  [0m[34m@@ -1 +1 @@[0m
     [31m  [0m[31m-false[0m
     [31m  [0m[32m+true[0m
     [31m  [0m[0m
     [36m# ./spec/models/user_spec.rb:32:in `block (4 levels) in <main>'[0m

  2) Userãƒ¢ãƒ‡ãƒ«ã®ãƒ†ã‚¹ãƒˆ ã‚¢ã‚½ã‚·ã‚¨ãƒ¼ã‚·ãƒ§ãƒ³ã®ãƒ†ã‚¹ãƒˆ Bookãƒ¢ãƒ‡ãƒ«ã¨ã®é–¢ä¿‚ 1:Nã¨ãªã£ã¦ã„ã‚‹
     [31mFailure/Error: [0m[32mexpect[0m([1;34;4mUser[0m.reflect_on_association([33m:books[0m).macro).to eq [33m:has_many[0m[0m
     [31m[0m
     [31mNoMethodError:[0m
     [31m  undefined method `macro' for nil:NilClass[0m
     [36m# ./spec/models/user_spec.rb:39:in `block (4 levels) in <main>'[0m

  3) æŠ•ç¨¿ã®ãƒ†ã‚¹ãƒˆ ã‚µã‚¤ãƒ‰ãƒãƒ¼ã®ãƒ†ã‚¹ãƒˆ è¡¨ç¤ºã®ç¢ºèª æŠ•ç¨¿ã«æˆåŠŸã™ã‚‹
     [31mFailure/Error: [0m[32mexpect[0m(page).to have_content [31m[1;31m'[0m[31msuccessfully[1;31m'[0m[31m[0m[0m
     [31m  expected to find text "successfully" in "Bookers\nHome Users Books logout\nUser info\nname 7ana1oyffq introduction cfld0gfddbubi5ial4ym\nEdit\nNew book\nTitle\nOpinion\nã€€title Opinion\nBook detail\n7ana1oyffq ck1a7 tnxoogfhlchrs29nzgom Edit Destroy"[0m
     [31m[0m
     [31m[0m
     [31m[0m
     [36m# ./spec/system/books_spec.rb:32:in `block (4 levels) in <main>'[0m

  4) æŠ•ç¨¿ã®ãƒ†ã‚¹ãƒˆ ç·¨é›†ã®ãƒ†ã‚¹ãƒˆ ä»–äººã®æŠ•ç¨¿ã®ç·¨é›†ç”»é¢ã¸ã®é·ç§» é·ç§»ã§ããªã„
     [31mFailure/Error: [0m[32mexpect[0m(current_path).to eq([31m[1;31m'[0m[31m/books[1;31m'[0m[31m[0m)[0m
     [31m[0m
     [31m  expected: "/books"[0m
     [31m       got: "/books/2/edit"[0m
     [31m[0m
     [31m  (compared using ==)[0m
     [31m[0m
     [31m[0m
     [31m[0m
     [36m# ./spec/system/books_spec.rb:52:in `block (4 levels) in <main>'[0m

  5) æŠ•ç¨¿ã®ãƒ†ã‚¹ãƒˆ ç·¨é›†ã®ãƒ†ã‚¹ãƒˆ ãƒ•ã‚©ãƒ¼ãƒ ã®ç¢ºèª ç·¨é›†ã«å¤±æ•—ã™ã‚‹
     [31mFailure/Error: [0m[32mexpect[0m(page).to have_content [31m[1;31m'[0m[31merror[1;31m'[0m[31m[0m[0m
     [31m  expected to find text "error" in "Bookers\nHome Users Books logout\nUser info\nname 872hfp2k13 introduction ozvlbp7jzmqfy2sfp3yw\nEdit\nNew book\nTitle\nOpinion\nã€€title Opinion\nBook detail\n872hfp2k13 bsb33 ueu7xi14o58qenpak8y2 Edit Destroy"[0m
     [31m[0m
     [31m[0m
     [31m[0m
     [36m# ./spec/system/books_spec.rb:86:in `block (4 levels) in <main>'[0m

  6) æŠ•ç¨¿ã®ãƒ†ã‚¹ãƒˆ ä¸€è¦§ç”»é¢ã®ãƒ†ã‚¹ãƒˆ è¡¨ç¤ºã®ç¢ºèª è‡ªåˆ†ã¨ä»–äººã®ç”»åƒã®ãƒªãƒ³ã‚¯å…ˆãŒæ­£ã—ã„
     [31mFailure/Error: [0m[32mexpect[0m(page).to have_link [31m[1;31m'[0m[31m[1;31m'[0m[31m[0m, [35mhref[0m: user_path(book2.user)[0m
     [31m  expected to find link "" with href "/users/1" but there were no matches[0m
     [31m[0m
     [31m[0m
     [31m[0m
     [36m# ./spec/system/books_spec.rb:102:in `block (4 levels) in <main>'[0m

  7) æŠ•ç¨¿ã®ãƒ†ã‚¹ãƒˆ è©³ç´°ç”»é¢ã®ãƒ†ã‚¹ãƒˆ è‡ªåˆ†ãƒ»ä»–äººå…±é€šã®æŠ•ç¨¿è©³ç´°ç”»é¢ã®è¡¨ç¤ºã‚’ç¢ºèª ãƒ¦ãƒ¼ã‚¶ãƒ¼ç”»åƒãƒ»åå‰ã®ãƒªãƒ³ã‚¯å…ˆãŒæ­£ã—ã„
     [31mFailure/Error: [0m[32mexpect[0m(page).to have_link book.user.name, [35mhref[0m: user_path(book.user)[0m
     [31m  expected to find link "ln14poila2" with href "/users/2" but there were no matches[0m
     [31m[0m
     [31m[0m
     [31m[0m
     [36m# ./spec/system/books_spec.rb:123:in `block (4 levels) in <main>'[0m

  8) bootstrapã®ãƒ†ã‚¹ãƒˆ ã‚°ãƒªãƒƒãƒ‰ã‚·ã‚¹ãƒ†ãƒ ã®ãƒ†ã‚¹ãƒˆ ãƒ¦ãƒ¼ã‚¶ãƒ¼é–¢é€£ç”»é¢ ä¸€è¦§ç”»é¢
     [31mFailure/Error: [0m[32mexpect[0m(page).to have_selector([31m[1;31m'[0m[31m.container .row .col-xs-3[1;31m'[0m[31m[0m)[0m
     [31m  expected to find css ".container .row .col-xs-3" but there were no matches[0m
     [31m[0m
     [31m[0m
     [31m[0m
     [36m# ./spec/system/bootstrap_spec.rb:16:in `block (4 levels) in <main>'[0m

  9) bootstrapã®ãƒ†ã‚¹ãƒˆ ã‚°ãƒªãƒƒãƒ‰ã‚·ã‚¹ãƒ†ãƒ ã®ãƒ†ã‚¹ãƒˆ ãƒ¦ãƒ¼ã‚¶ãƒ¼é–¢é€£ç”»é¢ è©³ç´°ç”»é¢
     [31mFailure/Error: [0m[32mexpect[0m(page).to have_selector([31m[1;31m'[0m[31m.container .row .col-xs-3[1;31m'[0m[31m[0m)[0m
     [31m  expected to find css ".container .row .col-xs-3" but there were no matches[0m
     [31m[0m
     [31m[0m
     [31m[0m
     [36m# ./spec/system/bootstrap_spec.rb:21:in `block (4 levels) in <main>'[0m

  10) bootstrapã®ãƒ†ã‚¹ãƒˆ ã‚°ãƒªãƒƒãƒ‰ã‚·ã‚¹ãƒ†ãƒ ã®ãƒ†ã‚¹ãƒˆ æŠ•ç¨¿é–¢é€£ç”»é¢ ä¸€è¦§ç”»é¢
      [31mFailure/Error: [0m[32mexpect[0m(page).to have_selector([31m[1;31m'[0m[31m.container .row .col-xs-3[1;31m'[0m[31m[0m)[0m
      [31m  expected to find css ".container .row .col-xs-3" but there were no matches[0m
      [31m[0m
      [31m[0m
      [31m[0m
      [36m# ./spec/system/bootstrap_spec.rb:28:in `block (4 levels) in <main>'[0m

  11) bootstrapã®ãƒ†ã‚¹ãƒˆ ã‚°ãƒªãƒƒãƒ‰ã‚·ã‚¹ãƒ†ãƒ ã®ãƒ†ã‚¹ãƒˆ æŠ•ç¨¿é–¢é€£ç”»é¢ è©³ç´°ç”»é¢
      [31mFailure/Error: [0m[32mexpect[0m(page).to have_selector([31m[1;31m'[0m[31m.container .row .col-xs-3[1;31m'[0m[31m[0m)[0m
      [31m  expected to find css ".container .row .col-xs-3" but there were no matches[0m
      [31m[0m
      [31m[0m
      [31m[0m
      [36m# ./spec/system/bootstrap_spec.rb:33:in `block (4 levels) in <main>'[0m

  12) ãƒ˜ãƒƒãƒ€ãƒ¼ã®ãƒ†ã‚¹ãƒˆ ãƒ­ã‚°ã‚¤ãƒ³ã—ã¦ã„ãªã„å ´åˆ ãƒ˜ãƒƒãƒ€ãƒ¼ã®è¡¨ç¤ºã‚’ç¢ºèª Sign upãƒªãƒ³ã‚¯ãŒè¡¨ç¤ºã•ã‚Œã‚‹
      [31mFailure/Error: [0m[32mexpect[0m(signup_link).to match([35m[1;35m/[0m[35msign up[1;35m/[0m[35m[35mi[0m[35m[0m)[0m
      [31m[0m
      [31m  expected "signup" to match /sign up/i[0m
      [31m  Diff:[0m[0m
      [31m  [0m[34m@@ -1 +1 @@[0m
      [31m  [0m[31m-/sign up/i[0m
      [31m  [0m[32m+"signup"[0m
      [31m  [0m[0m
      [31m[0m
      [31m[0m
      [31m[0m
      [36m# ./spec/system/header_spec.rb:25:in `block (4 levels) in <main>'[0m

  13) ãƒ˜ãƒƒãƒ€ãƒ¼ã®ãƒ†ã‚¹ãƒˆ ãƒ­ã‚°ã‚¤ãƒ³ã—ã¦ã„ãªã„å ´åˆ ãƒ˜ãƒƒãƒ€ãƒ¼ã®ãƒªãƒ³ã‚¯ã‚’ç¢ºèª Aboutç”»é¢ã«é·ç§»ã™ã‚‹
      [31mFailure/Error: [0mis_expected.to eq([31m[1;31m'[0m[31m/home/about[1;31m'[0m[31m[0m)[0m
      [31m[0m
      [31m  expected: "/home/about"[0m
      [31m       got: "/about"[0m
      [31m[0m
      [31m  (compared using ==)[0m
      [31m[0m
      [31m[0m
      [31m[0m
      [36m# ./spec/system/header_spec.rb:47:in `block (4 levels) in <main>'[0m

  14) ãƒ¦ãƒ¼ã‚¶ãƒ¼æ¨©é™ã®ãƒ†ã‚¹ãƒˆ ãƒ­ã‚°ã‚¤ãƒ³ã—ã¦ã„ãªã„å ´åˆ æŠ•ç¨¿é–¢é€£ã®URLã«ã‚¢ã‚¯ã‚»ã‚¹ ä¸€è¦§ç”»é¢ã«é·ç§»ã§ããªã„
      [31mFailure/Error: [0m<th><[31m[1;31m%=[0m[31m current_user.name %></th>[0m[0m
      [31m[0m
      [31mActionView::Template::Error:[0m
      [31m  undefined method `name' for nil:NilClass[0m
      [31m[0m
      [31m[0m
      [31m[0m
      [36m# ./app/views/users/_info.html.erb:19:in `_app_views_users__info_html_erb__2797932162396335869_60464960'[0m
      [36m# ./app/views/books/index.html.erb:4:in `_app_views_books_index_html_erb__636922570731911034_54940080'[0m
      [36m# /home/ec2-user/.rvm/gems/ruby-2.6.3/gems/warden-1.2.9/lib/warden/manager.rb:36:in `block in call'[0m
      [36m# /home/ec2-user/.rvm/gems/ruby-2.6.3/gems/warden-1.2.9/lib/warden/manager.rb:34:in `catch'[0m
      [36m# /home/ec2-user/.rvm/gems/ruby-2.6.3/gems/warden-1.2.9/lib/warden/manager.rb:34:in `call'[0m
      [36m# /home/ec2-user/.rvm/gems/ruby-2.6.3/gems/rack-2.2.3/lib/rack/tempfile_reaper.rb:15:in `call'[0m
      [36m# /home/ec2-user/.rvm/gems/ruby-2.6.3/gems/rack-2.2.3/lib/rack/etag.rb:27:in `call'[0m
      [36m# /home/ec2-user/.rvm/gems/ruby-2.6.3/gems/rack-2.2.3/lib/rack/conditional_get.rb:27:in `call'[0m
      [36m# /home/ec2-user/.rvm/gems/ruby-2.6.3/gems/rack-2.2.3/lib/rack/head.rb:12:in `call'[0m
      [36m# /home/ec2-user/.rvm/gems/ruby-2.6.3/gems/rack-2.2.3/lib/rack/session/abstract/id.rb:266:in `context'[0m
      [36m# /home/ec2-user/.rvm/gems/ruby-2.6.3/gems/rack-2.2.3/lib/rack/session/abstract/id.rb:260:in `call'[0m
      [36m# /home/ec2-user/.rvm/gems/ruby-2.6.3/gems/railties-5.2.4.4/lib/rails/rack/logger.rb:38:in `call_app'[0m
      [36m# /home/ec2-user/.rvm/gems/ruby-2.6.3/gems/railties-5.2.4.4/lib/rails/rack/logger.rb:26:in `block in call'[0m
      [36m# /home/ec2-user/.rvm/gems/ruby-2.6.3/gems/railties-5.2.4.4/lib/rails/rack/logger.rb:26:in `call'[0m
      [36m# /home/ec2-user/.rvm/gems/ruby-2.6.3/gems/rack-2.2.3/lib/rack/method_override.rb:24:in `call'[0m
      [36m# /home/ec2-user/.rvm/gems/ruby-2.6.3/gems/rack-2.2.3/lib/rack/runtime.rb:22:in `call'[0m
      [36m# /home/ec2-user/.rvm/gems/ruby-2.6.3/gems/rack-2.2.3/lib/rack/sendfile.rb:110:in `call'[0m
      [36m# /home/ec2-user/.rvm/gems/ruby-2.6.3/gems/railties-5.2.4.4/lib/rails/engine.rb:524:in `call'[0m
      [36m# /home/ec2-user/.rvm/gems/ruby-2.6.3/gems/rack-2.2.3/lib/rack/urlmap.rb:74:in `block in call'[0m
      [36m# /home/ec2-user/.rvm/gems/ruby-2.6.3/gems/rack-2.2.3/lib/rack/urlmap.rb:58:in `each'[0m
      [36m# /home/ec2-user/.rvm/gems/ruby-2.6.3/gems/rack-2.2.3/lib/rack/urlmap.rb:58:in `call'[0m
      [36m# /home/ec2-user/.rvm/gems/ruby-2.6.3/gems/rack-2.2.3/lib/rack/builder.rb:244:in `call'[0m
      [36m# /home/ec2-user/.rvm/gems/ruby-2.6.3/gems/rack-test-1.1.0/lib/rack/mock_session.rb:29:in `request'[0m
      [36m# /home/ec2-user/.rvm/gems/ruby-2.6.3/gems/rack-test-1.1.0/lib/rack/test.rb:266:in `process_request'[0m
      [36m# /home/ec2-user/.rvm/gems/ruby-2.6.3/gems/rack-test-1.1.0/lib/rack/test.rb:129:in `custom_request'[0m
      [36m# /home/ec2-user/.rvm/gems/ruby-2.6.3/gems/rack-test-1.1.0/lib/rack/test.rb:58:in `get'[0m
      [36m# /home/ec2-user/.rvm/gems/ruby-2.6.3/gems/capybara-3.33.0/lib/capybara/rack_test/browser.rb:70:in `process'[0m
      [36m# /home/ec2-user/.rvm/gems/ruby-2.6.3/gems/capybara-3.33.0/lib/capybara/rack_test/browser.rb:45:in `process_and_follow_redirects'[0m
      [36m# /home/ec2-user/.rvm/gems/ruby-2.6.3/gems/capybara-3.33.0/lib/capybara/rack_test/browser.rb:23:in `visit'[0m
      [36m# /home/ec2-user/.rvm/gems/ruby-2.6.3/gems/capybara-3.33.0/lib/capybara/rack_test/driver.rb:45:in `visit'[0m
      [36m# /home/ec2-user/.rvm/gems/ruby-2.6.3/gems/capybara-3.33.0/lib/capybara/session.rb:278:in `visit'[0m
      [36m# /home/ec2-user/.rvm/gems/ruby-2.6.3/gems/capybara-3.33.0/lib/capybara/dsl.rb:58:in `block (2 levels) in <module:DSL>'[0m
      [36m# ./spec/system/main_spec.rb:9:in `block (4 levels) in <main>'[0m
      [36m# ------------------[0m
      [36m# --- Caused by: ---[0m
      [36m# NoMethodError:[0m
      [36m#   undefined method `name' for nil:NilClass[0m
      [36m#   ./app/views/users/_info.html.erb:19:in `_app_views_users__info_html_erb__2797932162396335869_60464960'[0m

  15) ãƒ¦ãƒ¼ã‚¶ãƒ¼æ¨©é™ã®ãƒ†ã‚¹ãƒˆ ãƒ­ã‚°ã‚¤ãƒ³ã—ã¦ã„ãªã„å ´åˆ æŠ•ç¨¿é–¢é€£ã®URLã«ã‚¢ã‚¯ã‚»ã‚¹ ç·¨é›†ç”»é¢ã«é·ç§»ã§ããªã„
      [31mFailure/Error: [0m[32mexpect[0m(current_path).to eq([31m[1;31m'[0m[31m/users/sign_in[1;31m'[0m[31m[0m)[0m
      [31m[0m
      [31m  expected: "/users/sign_in"[0m
      [31m       got: "/books/1/edit"[0m
      [31m[0m
      [31m  (compared using ==)[0m
      [31m[0m
      [31m[0m
      [31m[0m
      [36m# ./spec/system/main_spec.rb:14:in `block (4 levels) in <main>'[0m

  16) ãƒ¦ãƒ¼ã‚¶ãƒ¼æ¨©é™ã®ãƒ†ã‚¹ãƒˆ ãƒ­ã‚°ã‚¤ãƒ³ã—ã¦ã„ãªã„å ´åˆ æŠ•ç¨¿é–¢é€£ã®URLã«ã‚¢ã‚¯ã‚»ã‚¹ è©³ç´°ç”»é¢ã«é·ç§»ã§ããªã„
      [31mFailure/Error: [0m<th><[31m[1;31m%=[0m[31m current_user.name %></th>[0m[0m
      [31m[0m
      [31mActionView::Template::Error:[0m
      [31m  undefined method `name' for nil:NilClass[0m
      [31m[0m
      [31m[0m
      [31m[0m
      [36m# ./app/views/users/_info.html.erb:19:in `_app_views_users__info_html_erb__2797932162396335869_60464960'[0m
      [36m# ./app/views/books/show.html.erb:4:in `_app_views_books_show_html_erb__3842521329777111810_60078000'[0m
      [36m# /home/ec2-user/.rvm/gems/ruby-2.6.3/gems/warden-1.2.9/lib/warden/manager.rb:36:in `block in call'[0m
      [36m# /home/ec2-user/.rvm/gems/ruby-2.6.3/gems/warden-1.2.9/lib/warden/manager.rb:34:in `catch'[0m
      [36m# /home/ec2-user/.rvm/gems/ruby-2.6.3/gems/warden-1.2.9/lib/warden/manager.rb:34:in `call'[0m
      [36m# /home/ec2-user/.rvm/gems/ruby-2.6.3/gems/rack-2.2.3/lib/rack/tempfile_reaper.rb:15:in `call'[0m
      [36m# /home/ec2-user/.rvm/gems/ruby-2.6.3/gems/rack-2.2.3/lib/rack/etag.rb:27:in `call'[0m
      [36m# /home/ec2-user/.rvm/gems/ruby-2.6.3/gems/rack-2.2.3/lib/rack/conditional_get.rb:27:in `call'[0m
      [36m# /home/ec2-user/.rvm/gems/ruby-2.6.3/gems/rack-2.2.3/lib/rack/head.rb:12:in `call'[0m
      [36m# /home/ec2-user/.rvm/gems/ruby-2.6.3/gems/rack-2.2.3/lib/rack/session/abstract/id.rb:266:in `context'[0m
      [36m# /home/ec2-user/.rvm/gems/ruby-2.6.3/gems/rack-2.2.3/lib/rack/session/abstract/id.rb:260:in `call'[0m
      [36m# /home/ec2-user/.rvm/gems/ruby-2.6.3/gems/railties-5.2.4.4/lib/rails/rack/logger.rb:38:in `call_app'[0m
      [36m# /home/ec2-user/.rvm/gems/ruby-2.6.3/gems/railties-5.2.4.4/lib/rails/rack/logger.rb:26:in `block in call'[0m
      [36m# /home/ec2-user/.rvm/gems/ruby-2.6.3/gems/railties-5.2.4.4/lib/rails/rack/logger.rb:26:in `call'[0m
      [36m# /home/ec2-user/.rvm/gems/ruby-2.6.3/gems/rack-2.2.3/lib/rack/method_override.rb:24:in `call'[0m
      [36m# /home/ec2-user/.rvm/gems/ruby-2.6.3/gems/rack-2.2.3/lib/rack/runtime.rb:22:in `call'[0m
      [36m# /home/ec2-user/.rvm/gems/ruby-2.6.3/gems/rack-2.2.3/lib/rack/sendfile.rb:110:in `call'[0m
      [36m# /home/ec2-user/.rvm/gems/ruby-2.6.3/gems/railties-5.2.4.4/lib/rails/engine.rb:524:in `call'[0m
      [36m# /home/ec2-user/.rvm/gems/ruby-2.6.3/gems/rack-2.2.3/lib/rack/urlmap.rb:74:in `block in call'[0m
      [36m# /home/ec2-user/.rvm/gems/ruby-2.6.3/gems/rack-2.2.3/lib/rack/urlmap.rb:58:in `each'[0m
      [36m# /home/ec2-user/.rvm/gems/ruby-2.6.3/gems/rack-2.2.3/lib/rack/urlmap.rb:58:in `call'[0m
      [36m# /home/ec2-user/.rvm/gems/ruby-2.6.3/gems/rack-2.2.3/lib/rack/builder.rb:244:in `call'[0m
      [36m# /home/ec2-user/.rvm/gems/ruby-2.6.3/gems/rack-test-1.1.0/lib/rack/mock_session.rb:29:in `request'[0m
      [36m# /home/ec2-user/.rvm/gems/ruby-2.6.3/gems/rack-test-1.1.0/lib/rack/test.rb:266:in `process_request'[0m
      [36m# /home/ec2-user/.rvm/gems/ruby-2.6.3/gems/rack-test-1.1.0/lib/rack/test.rb:129:in `custom_request'[0m
      [36m# /home/ec2-user/.rvm/gems/ruby-2.6.3/gems/rack-test-1.1.0/lib/rack/test.rb:58:in `get'[0m
      [36m# /home/ec2-user/.rvm/gems/ruby-2.6.3/gems/capybara-3.33.0/lib/capybara/rack_test/browser.rb:70:in `process'[0m
      [36m# /home/ec2-user/.rvm/gems/ruby-2.6.3/gems/capybara-3.33.0/lib/capybara/rack_test/browser.rb:45:in `process_and_follow_redirects'[0m
      [36m# /home/ec2-user/.rvm/gems/ruby-2.6.3/gems/capybara-3.33.0/lib/capybara/rack_test/browser.rb:23:in `visit'[0m
      [36m# /home/ec2-user/.rvm/gems/ruby-2.6.3/gems/capybara-3.33.0/lib/capybara/rack_test/driver.rb:45:in `visit'[0m
      [36m# /home/ec2-user/.rvm/gems/ruby-2.6.3/gems/capybara-3.33.0/lib/capybara/session.rb:278:in `visit'[0m
      [36m# /home/ec2-user/.rvm/gems/ruby-2.6.3/gems/capybara-3.33.0/lib/capybara/dsl.rb:58:in `block (2 levels) in <module:DSL>'[0m
      [36m# ./spec/system/main_spec.rb:17:in `block (4 levels) in <main>'[0m
      [36m# ------------------[0m
      [36m# --- Caused by: ---[0m
      [36m# NoMethodError:[0m
      [36m#   undefined method `name' for nil:NilClass[0m
      [36m#   ./app/views/users/_info.html.erb:19:in `_app_views_users__info_html_erb__2797932162396335869_60464960'[0m

  17) ãƒ¦ãƒ¼ã‚¶ãƒ¼æ¨©é™ã®ãƒ†ã‚¹ãƒˆ ãƒ­ã‚°ã‚¤ãƒ³ã—ã¦ã„ãªã„å ´åˆã«ãƒ¦ãƒ¼ã‚¶ãƒ¼é–¢é€£ã®URLã«ã‚¢ã‚¯ã‚»ã‚¹ ãƒ¦ãƒ¼ã‚¶ãƒ¼é–¢é€£ã®URLã«ã‚¢ã‚¯ã‚»ã‚¹ ä¸€è¦§ç”»é¢ã«é·ç§»ã§ããªã„
      [31mFailure/Error: [0m<th><[31m[1;31m%=[0m[31m current_user.name %></th>[0m[0m
      [31m[0m
      [31mActionView::Template::Error:[0m
      [31m  undefined method `name' for nil:NilClass[0m
      [31m[0m
      [31m[0m
      [31m[0m
      [36m# ./app/views/users/_info.html.erb:19:in `_app_views_users__info_html_erb__2797932162396335869_60464960'[0m
      [36m# ./app/views/users/index.html.erb:4:in `_app_views_users_index_html_erb__1142798332499735493_72732820'[0m
      [36m# /home/ec2-user/.rvm/gems/ruby-2.6.3/gems/warden-1.2.9/lib/warden/manager.rb:36:in `block in call'[0m
      [36m# /home/ec2-user/.rvm/gems/ruby-2.6.3/gems/warden-1.2.9/lib/warden/manager.rb:34:in `catch'[0m
      [36m# /home/ec2-user/.rvm/gems/ruby-2.6.3/gems/warden-1.2.9/lib/warden/manager.rb:34:in `call'[0m
      [36m# /home/ec2-user/.rvm/gems/ruby-2.6.3/gems/rack-2.2.3/lib/rack/tempfile_reaper.rb:15:in `call'[0m
      [36m# /home/ec2-user/.rvm/gems/ruby-2.6.3/gems/rack-2.2.3/lib/rack/etag.rb:27:in `call'[0m
      [36m# /home/ec2-user/.rvm/gems/ruby-2.6.3/gems/rack-2.2.3/lib/rack/conditional_get.rb:27:in `call'[0m
      [36m# /home/ec2-user/.rvm/gems/ruby-2.6.3/gems/rack-2.2.3/lib/rack/head.rb:12:in `call'[0m
      [36m# /home/ec2-user/.rvm/gems/ruby-2.6.3/gems/rack-2.2.3/lib/rack/session/abstract/id.rb:266:in `context'[0m
      [36m# /home/ec2-user/.rvm/gems/ruby-2.6.3/gems/rack-2.2.3/lib/rack/session/abstract/id.rb:260:in `call'[0m
      [36m# /home/ec2-user/.rvm/gems/ruby-2.6.3/gems/railties-5.2.4.4/lib/rails/rack/logger.rb:38:in `call_app'[0m
      [36m# /home/ec2-user/.rvm/gems/ruby-2.6.3/gems/railties-5.2.4.4/lib/rails/rack/logger.rb:26:in `block in call'[0m
      [36m# /home/ec2-user/.rvm/gems/ruby-2.6.3/gems/railties-5.2.4.4/lib/rails/rack/logger.rb:26:in `call'[0m
      [36m# /home/ec2-user/.rvm/gems/ruby-2.6.3/gems/rack-2.2.3/lib/rack/method_override.rb:24:in `call'[0m
      [36m# /home/ec2-user/.rvm/gems/ruby-2.6.3/gems/rack-2.2.3/lib/rack/runtime.rb:22:in `call'[0m
      [36m# /home/ec2-user/.rvm/gems/ruby-2.6.3/gems/rack-2.2.3/lib/rack/sendfile.rb:110:in `call'[0m
      [36m# /home/ec2-user/.rvm/gems/ruby-2.6.3/gems/railties-5.2.4.4/lib/rails/engine.rb:524:in `call'[0m
      [36m# /home/ec2-user/.rvm/gems/ruby-2.6.3/gems/rack-2.2.3/lib/rack/urlmap.rb:74:in `block in call'[0m
      [36m# /home/ec2-user/.rvm/gems/ruby-2.6.3/gems/rack-2.2.3/lib/rack/urlmap.rb:58:in `each'[0m
      [36m# /home/ec2-user/.rvm/gems/ruby-2.6.3/gems/rack-2.2.3/lib/rack/urlmap.rb:58:in `call'[0m
      [36m# /home/ec2-user/.rvm/gems/ruby-2.6.3/gems/rack-2.2.3/lib/rack/builder.rb:244:in `call'[0m
      [36m# /home/ec2-user/.rvm/gems/ruby-2.6.3/gems/rack-test-1.1.0/lib/rack/mock_session.rb:29:in `request'[0m
      [36m# /home/ec2-user/.rvm/gems/ruby-2.6.3/gems/rack-test-1.1.0/lib/rack/test.rb:266:in `process_request'[0m
      [36m# /home/ec2-user/.rvm/gems/ruby-2.6.3/gems/rack-test-1.1.0/lib/rack/test.rb:129:in `custom_request'[0m
      [36m# /home/ec2-user/.rvm/gems/ruby-2.6.3/gems/rack-test-1.1.0/lib/rack/test.rb:58:in `get'[0m
      [36m# /home/ec2-user/.rvm/gems/ruby-2.6.3/gems/capybara-3.33.0/lib/capybara/rack_test/browser.rb:70:in `process'[0m
      [36m# /home/ec2-user/.rvm/gems/ruby-2.6.3/gems/capybara-3.33.0/lib/capybara/rack_test/browser.rb:45:in `process_and_follow_redirects'[0m
      [36m# /home/ec2-user/.rvm/gems/ruby-2.6.3/gems/capybara-3.33.0/lib/capybara/rack_test/browser.rb:23:in `visit'[0m
      [36m# /home/ec2-user/.rvm/gems/ruby-2.6.3/gems/capybara-3.33.0/lib/capybara/rack_test/driver.rb:45:in `visit'[0m
      [36m# /home/ec2-user/.rvm/gems/ruby-2.6.3/gems/capybara-3.33.0/lib/capybara/session.rb:278:in `visit'[0m
      [36m# /home/ec2-user/.rvm/gems/ruby-2.6.3/gems/capybara-3.33.0/lib/capybara/dsl.rb:58:in `block (2 levels) in <module:DSL>'[0m
      [36m# ./spec/system/main_spec.rb:25:in `block (4 levels) in <main>'[0m
      [36m# ------------------[0m
      [36m# --- Caused by: ---[0m
      [36m# NoMethodError:[0m
      [36m#   undefined method `name' for nil:NilClass[0m
      [36m#   ./app/views/users/_info.html.erb:19:in `_app_views_users__info_html_erb__2797932162396335869_60464960'[0m

  18) ãƒ¦ãƒ¼ã‚¶ãƒ¼æ¨©é™ã®ãƒ†ã‚¹ãƒˆ ãƒ­ã‚°ã‚¤ãƒ³ã—ã¦ã„ãªã„å ´åˆã«ãƒ¦ãƒ¼ã‚¶ãƒ¼é–¢é€£ã®URLã«ã‚¢ã‚¯ã‚»ã‚¹ ãƒ¦ãƒ¼ã‚¶ãƒ¼é–¢é€£ã®URLã«ã‚¢ã‚¯ã‚»ã‚¹ ç·¨é›†ç”»é¢ã«é·ç§»ã§ããªã„
      [31mFailure/Error: [0m[32mexpect[0m(current_path).to eq([31m[1;31m'[0m[31m/users/sign_in[1;31m'[0m[31m[0m)[0m
      [31m[0m
      [31m  expected: "/users/sign_in"[0m
      [31m       got: "/users/1/edit"[0m
      [31m[0m
      [31m  (compared using ==)[0m
      [31m[0m
      [31m[0m
      [31m[0m
      [36m# ./spec/system/main_spec.rb:30:in `block (4 levels) in <main>'[0m

  19) ãƒ¦ãƒ¼ã‚¶ãƒ¼æ¨©é™ã®ãƒ†ã‚¹ãƒˆ ãƒ­ã‚°ã‚¤ãƒ³ã—ã¦ã„ãªã„å ´åˆã«ãƒ¦ãƒ¼ã‚¶ãƒ¼é–¢é€£ã®URLã«ã‚¢ã‚¯ã‚»ã‚¹ ãƒ¦ãƒ¼ã‚¶ãƒ¼é–¢é€£ã®URLã«ã‚¢ã‚¯ã‚»ã‚¹ è©³ç´°ç”»é¢ã«é·ç§»ã§ãªã„
      [31mFailure/Error: [0m<th><[31m[1;31m%=[0m[31m current_user.name %></th>[0m[0m
      [31m[0m
      [31mActionView::Template::Error:[0m
      [31m  undefined method `name' for nil:NilClass[0m
      [31m[0m
      [31m[0m
      [31m[0m
      [36m# ./app/views/users/_info.html.erb:19:in `_app_views_users__info_html_erb__2797932162396335869_60464960'[0m
      [36m# ./app/views/users/show.html.erb:4:in `_app_views_users_show_html_erb__2316130167777752582_73513500'[0m
      [36m# /home/ec2-user/.rvm/gems/ruby-2.6.3/gems/warden-1.2.9/lib/warden/manager.rb:36:in `block in call'[0m
      [36m# /home/ec2-user/.rvm/gems/ruby-2.6.3/gems/warden-1.2.9/lib/warden/manager.rb:34:in `catch'[0m
      [36m# /home/ec2-user/.rvm/gems/ruby-2.6.3/gems/warden-1.2.9/lib/warden/manager.rb:34:in `call'[0m
      [36m# /home/ec2-user/.rvm/gems/ruby-2.6.3/gems/rack-2.2.3/lib/rack/tempfile_reaper.rb:15:in `call'[0m
      [36m# /home/ec2-user/.rvm/gems/ruby-2.6.3/gems/rack-2.2.3/lib/rack/etag.rb:27:in `call'[0m
      [36m# /home/ec2-user/.rvm/gems/ruby-2.6.3/gems/rack-2.2.3/lib/rack/conditional_get.rb:27:in `call'[0m
      [36m# /home/ec2-user/.rvm/gems/ruby-2.6.3/gems/rack-2.2.3/lib/rack/head.rb:12:in `call'[0m
      [36m# /home/ec2-user/.rvm/gems/ruby-2.6.3/gems/rack-2.2.3/lib/rack/session/abstract/id.rb:266:in `context'[0m
      [36m# /home/ec2-user/.rvm/gems/ruby-2.6.3/gems/rack-2.2.3/lib/rack/session/abstract/id.rb:260:in `call'[0m
      [36m# /home/ec2-user/.rvm/gems/ruby-2.6.3/gems/railties-5.2.4.4/lib/rails/rack/logger.rb:38:in `call_app'[0m
      [36m# /home/ec2-user/.rvm/gems/ruby-2.6.3/gems/railties-5.2.4.4/lib/rails/rack/logger.rb:26:in `block in call'[0m
      [36m# /home/ec2-user/.rvm/gems/ruby-2.6.3/gems/railties-5.2.4.4/lib/rails/rack/logger.rb:26:in `call'[0m
      [36m# /home/ec2-user/.rvm/gems/ruby-2.6.3/gems/rack-2.2.3/lib/rack/method_override.rb:24:in `call'[0m
      [36m# /home/ec2-user/.rvm/gems/ruby-2.6.3/gems/rack-2.2.3/lib/rack/runtime.rb:22:in `call'[0m
      [36m# /home/ec2-user/.rvm/gems/ruby-2.6.3/gems/rack-2.2.3/lib/rack/sendfile.rb:110:in `call'[0m
      [36m# /home/ec2-user/.rvm/gems/ruby-2.6.3/gems/railties-5.2.4.4/lib/rails/engine.rb:524:in `call'[0m
      [36m# /home/ec2-user/.rvm/gems/ruby-2.6.3/gems/rack-2.2.3/lib/rack/urlmap.rb:74:in `block in call'[0m
      [36m# /home/ec2-user/.rvm/gems/ruby-2.6.3/gems/rack-2.2.3/lib/rack/urlmap.rb:58:in `each'[0m
      [36m# /home/ec2-user/.rvm/gems/ruby-2.6.3/gems/rack-2.2.3/lib/rack/urlmap.rb:58:in `call'[0m
      [36m# /home/ec2-user/.rvm/gems/ruby-2.6.3/gems/rack-2.2.3/lib/rack/builder.rb:244:in `call'[0m
      [36m# /home/ec2-user/.rvm/gems/ruby-2.6.3/gems/rack-test-1.1.0/lib/rack/mock_session.rb:29:in `request'[0m
      [36m# /home/ec2-user/.rvm/gems/ruby-2.6.3/gems/rack-test-1.1.0/lib/rack/test.rb:266:in `process_request'[0m
      [36m# /home/ec2-user/.rvm/gems/ruby-2.6.3/gems/rack-test-1.1.0/lib/rack/test.rb:129:in `custom_request'[0m
      [36m# /home/ec2-user/.rvm/gems/ruby-2.6.3/gems/rack-test-1.1.0/lib/rack/test.rb:58:in `get'[0m
      [36m# /home/ec2-user/.rvm/gems/ruby-2.6.3/gems/capybara-3.33.0/lib/capybara/rack_test/browser.rb:70:in `process'[0m
      [36m# /home/ec2-user/.rvm/gems/ruby-2.6.3/gems/capybara-3.33.0/lib/capybara/rack_test/browser.rb:45:in `process_and_follow_redirects'[0m
      [36m# /home/ec2-user/.rvm/gems/ruby-2.6.3/gems/capybara-3.33.0/lib/capybara/rack_test/browser.rb:23:in `visit'[0m
      [36m# /home/ec2-user/.rvm/gems/ruby-2.6.3/gems/capybara-3.33.0/lib/capybara/rack_test/driver.rb:45:in `visit'[0m
      [36m# /home/ec2-user/.rvm/gems/ruby-2.6.3/gems/capybara-3.33.0/lib/capybara/session.rb:278:in `visit'[0m
      [36m# /home/ec2-user/.rvm/gems/ruby-2.6.3/gems/capybara-3.33.0/lib/capybara/dsl.rb:58:in `block (2 levels) in <module:DSL>'[0m
      [36m# ./spec/system/main_spec.rb:33:in `block (4 levels) in <main>'[0m
      [36m# ------------------[0m
      [36m# --- Caused by: ---[0m
      [36m# NoMethodError:[0m
      [36m#   undefined method `name' for nil:NilClass[0m
      [36m#   ./app/views/users/_info.html.erb:19:in `_app_views_users__info_html_erb__2797932162396335869_60464960'[0m

  20) ãƒˆãƒƒãƒ—ãƒšãƒ¼ã‚¸ã®ãƒ†ã‚¹ãƒˆ ãƒœãƒ‡ã‚£éƒ¨åˆ†ã®ãƒ†ã‚¹ãƒˆ è¡¨ç¤ºã®ç¢ºèª Log inãƒªãƒ³ã‚¯ãŒè¡¨ç¤ºã•ã‚Œã‚‹
      [31mFailure/Error: [0m[32mexpect[0m(page).to have_link login_link, [35mhref[0m: new_user_session_path[0m
      [31m  expected to find link "Log in" with href "/users/sign_in" but there were no matches[0m
      [31m[0m
      [31m[0m
      [31m[0m
      [36m# ./spec/system/top_spec.rb:13:in `block (4 levels) in <main>'[0m

  21) ãƒˆãƒƒãƒ—ãƒšãƒ¼ã‚¸ã®ãƒ†ã‚¹ãƒˆ ãƒœãƒ‡ã‚£éƒ¨åˆ†ã®ãƒ†ã‚¹ãƒˆ è¡¨ç¤ºã®ç¢ºèª Sign Upãƒªãƒ³ã‚¯ãŒè¡¨ç¤ºã•ã‚Œã‚‹
      [31mFailure/Error: [0m[32mexpect[0m(page).to have_link signup_link, [35mhref[0m: new_user_registration_path[0m
      [31m  expected to find link "Sign up" with href "/users/sign_up" but there were no matches[0m
      [31m[0m
      [31m[0m
      [31m[0m
      [36m# ./spec/system/top_spec.rb:18:in `block (4 levels) in <main>'[0m

  22) ãƒ¦ãƒ¼ã‚¶ãƒ¼ã®ãƒ†ã‚¹ãƒˆ ã‚µã‚¤ãƒ‰ãƒãƒ¼ã®ãƒ†ã‚¹ãƒˆ è¡¨ç¤ºã®ç¢ºèª ç”»åƒãŒè¡¨ç¤ºã•ã‚Œã‚‹
      [31mFailure/Error: [0m[32mexpect[0m(page).to have_css([31m[1;31m'[0m[31mimg.profile_image[1;31m'[0m[31m[0m)[0m
      [31m  expected to find css "img.profile_image" but there were no matches[0m
      [31m[0m
      [31m[0m
      [31m[0m
      [36m# ./spec/system/users_spec.rb:71:in `block (4 levels) in <main>'[0m

  23) ãƒ¦ãƒ¼ã‚¶ãƒ¼ã®ãƒ†ã‚¹ãƒˆ ç·¨é›†ã®ãƒ†ã‚¹ãƒˆ ä»–äººã®ç·¨é›†ç”»é¢ã¸ã®é·ç§» é·ç§»ã§ããªã„
      [31mFailure/Error: [0m[32mexpect[0m(current_path).to eq([31m[1;31m'[0m[31m/users/[1;31m'[0m[31m[0m + user.id.to_s)[0m
      [31m[0m
      [31m  expected: "/users/2"[0m
      [31m       got: "/users/1/edit"[0m
      [31m[0m
      [31m  (compared using ==)[0m
      [31m[0m
      [31m[0m
      [31m[0m
      [36m# ./spec/system/users_spec.rb:96:in `block (4 levels) in <main>'[0m

  24) ãƒ¦ãƒ¼ã‚¶ãƒ¼ã®ãƒ†ã‚¹ãƒˆ ç·¨é›†ã®ãƒ†ã‚¹ãƒˆ è¡¨ç¤ºã®ç¢ºèª ç·¨é›†ã«æˆåŠŸã™ã‚‹
      [31mFailure/Error: [0m[32mexpect[0m(page).to have_content [31m[1;31m'[0m[31msuccessfully[1;31m'[0m[31m[0m[0m
      [31m  expected to find text "successfully" in "Bookers\nHome Users Books logout\nUser info\nname lg0oyh68n4 introduction mxxmxxw41je64ojzzs3d\nEdit\nNew book\nTitle\nOpinion\nBooks\nã€€Title opinion ozssq ho515zqw7qxudfsnu3km"[0m
      [31m[0m
      [31m[0m
      [31m[0m
      [36m# ./spec/system/users_spec.rb:118:in `block (4 levels) in <main>'[0m

  25) ãƒ¦ãƒ¼ã‚¶ãƒ¼ã®ãƒ†ã‚¹ãƒˆ ç·¨é›†ã®ãƒ†ã‚¹ãƒˆ è¡¨ç¤ºã®ç¢ºèª ç·¨é›†ã«å¤±æ•—ã™ã‚‹
      [31mFailure/Error: [0m[32mexpect[0m(page).to have_content [31m[1;31m'[0m[31merror[1;31m'[0m[31m[0m[0m
      [31m  expected to find text "error" in "Bookers\nHome Users Books logout\nUser info\nname j6ix91g6x7 introduction 88n22vry46z5nekywplv\nEdit\nNew book\nTitle\nOpinion\nBooks\nã€€Title opinion 5u2m8 m0dl1jyogaq7sjs654db"[0m
      [31m[0m
      [31m[0m
      [31m[0m
      [36m# ./spec/system/users_spec.rb:124:in `block (4 levels) in <main>'[0m

  26) ãƒ¦ãƒ¼ã‚¶ãƒ¼ã®ãƒ†ã‚¹ãƒˆ ä¸€è¦§ç”»é¢ã®ãƒ†ã‚¹ãƒˆ è¡¨ç¤ºã®ç¢ºèª è‡ªåˆ†ã¨ä»–ã®äººã®ç”»åƒãŒè¡¨ç¤ºã•ã‚Œã‚‹
      [31mFailure/Error: [0m[32mexpect[0m(all([31m[1;31m'[0m[31mimg[1;31m'[0m[31m[0m).size).to eq([1;34m3[0m)[0m
      [31m[0m
      [31m  expected: 3[0m
      [31m       got: 0[0m
      [31m[0m
      [31m  (compared using ==)[0m
      [31m[0m
      [31m[0m
      [31m[0m
      [36m# ./spec/system/users_spec.rb:140:in `block (4 levels) in <main>'[0m

  27) ãƒ¦ãƒ¼ã‚¶ãƒ¼ã®ãƒ†ã‚¹ãƒˆ ä¸€è¦§ç”»é¢ã®ãƒ†ã‚¹ãƒˆ è¡¨ç¤ºã®ç¢ºèª showãƒªãƒ³ã‚¯ãŒè¡¨ç¤ºã•ã‚Œã‚‹
      [31mFailure/Error: [0m[32mexpect[0m(page).to have_link [31m[1;31m'[0m[31mShow[1;31m'[0m[31m[0m, [35mhref[0m: user_path(user)[0m
      [31m  expected to find link "Show" with href "/users/2" but there were no matches[0m
      [31m[0m
      [31m[0m
      [31m[0m
      [36m# ./spec/system/users_spec.rb:147:in `block (4 levels) in <main>'[0m

Finished in 3.12 seconds (files took 1.44 seconds to load)
[31m95 examples, 27 failures[0m

Failed examples:

[31mrspec ./spec/models/user_spec.rb:30[0m [36m# Userãƒ¢ãƒ‡ãƒ«ã®ãƒ†ã‚¹ãƒˆ ãƒãƒªãƒ‡ãƒ¼ã‚·ãƒ§ãƒ³ã®ãƒ†ã‚¹ãƒˆ introductionã‚«ãƒ©ãƒ  50æ–‡å­—ä»¥ä¸‹ã§ã‚ã‚‹ã“ã¨[0m
[31mrspec ./spec/models/user_spec.rb:38[0m [36m# Userãƒ¢ãƒ‡ãƒ«ã®ãƒ†ã‚¹ãƒˆ ã‚¢ã‚½ã‚·ã‚¨ãƒ¼ã‚·ãƒ§ãƒ³ã®ãƒ†ã‚¹ãƒˆ Bookãƒ¢ãƒ‡ãƒ«ã¨ã®é–¢ä¿‚ 1:Nã¨ãªã£ã¦ã„ã‚‹[0m
[31mrspec ./spec/system/books_spec.rb:28[0m [36m# æŠ•ç¨¿ã®ãƒ†ã‚¹ãƒˆ ã‚µã‚¤ãƒ‰ãƒãƒ¼ã®ãƒ†ã‚¹ãƒˆ è¡¨ç¤ºã®ç¢ºèª æŠ•ç¨¿ã«æˆåŠŸã™ã‚‹[0m
[31mrspec ./spec/system/books_spec.rb:50[0m [36m# æŠ•ç¨¿ã®ãƒ†ã‚¹ãƒˆ ç·¨é›†ã®ãƒ†ã‚¹ãƒˆ ä»–äººã®æŠ•ç¨¿ã®ç·¨é›†ç”»é¢ã¸ã®é·ç§» é·ç§»ã§ããªã„[0m
[31mrspec ./spec/system/books_spec.rb:82[0m [36m# æŠ•ç¨¿ã®ãƒ†ã‚¹ãƒˆ ç·¨é›†ã®ãƒ†ã‚¹ãƒˆ ãƒ•ã‚©ãƒ¼ãƒ ã®ç¢ºèª ç·¨é›†ã«å¤±æ•—ã™ã‚‹[0m
[31mrspec ./spec/system/books_spec.rb:100[0m [36m# æŠ•ç¨¿ã®ãƒ†ã‚¹ãƒˆ ä¸€è¦§ç”»é¢ã®ãƒ†ã‚¹ãƒˆ è¡¨ç¤ºã®ç¢ºèª è‡ªåˆ†ã¨ä»–äººã®ç”»åƒã®ãƒªãƒ³ã‚¯å…ˆãŒæ­£ã—ã„[0m
[31mrspec ./spec/system/books_spec.rb:121[0m [36m# æŠ•ç¨¿ã®ãƒ†ã‚¹ãƒˆ è©³ç´°ç”»é¢ã®ãƒ†ã‚¹ãƒˆ è‡ªåˆ†ãƒ»ä»–äººå…±é€šã®æŠ•ç¨¿è©³ç´°ç”»é¢ã®è¡¨ç¤ºã‚’ç¢ºèª ãƒ¦ãƒ¼ã‚¶ãƒ¼ç”»åƒãƒ»åå‰ã®ãƒªãƒ³ã‚¯å…ˆãŒæ­£ã—ã„[0m
[31mrspec ./spec/system/bootstrap_spec.rb:14[0m [36m# bootstrapã®ãƒ†ã‚¹ãƒˆ ã‚°ãƒªãƒƒãƒ‰ã‚·ã‚¹ãƒ†ãƒ ã®ãƒ†ã‚¹ãƒˆ ãƒ¦ãƒ¼ã‚¶ãƒ¼é–¢é€£ç”»é¢ ä¸€è¦§ç”»é¢[0m
[31mrspec ./spec/system/bootstrap_spec.rb:19[0m [36m# bootstrapã®ãƒ†ã‚¹ãƒˆ ã‚°ãƒªãƒƒãƒ‰ã‚·ã‚¹ãƒ†ãƒ ã®ãƒ†ã‚¹ãƒˆ ãƒ¦ãƒ¼ã‚¶ãƒ¼é–¢é€£ç”»é¢ è©³ç´°ç”»é¢[0m
[31mrspec ./spec/system/bootstrap_spec.rb:26[0m [36m# bootstrapã®ãƒ†ã‚¹ãƒˆ ã‚°ãƒªãƒƒãƒ‰ã‚·ã‚¹ãƒ†ãƒ ã®ãƒ†ã‚¹ãƒˆ æŠ•ç¨¿é–¢é€£ç”»é¢ ä¸€è¦§ç”»é¢[0m
[31mrspec ./spec/system/bootstrap_spec.rb:31[0m [36m# bootstrapã®ãƒ†ã‚¹ãƒˆ ã‚°ãƒªãƒƒãƒ‰ã‚·ã‚¹ãƒ†ãƒ ã®ãƒ†ã‚¹ãƒˆ æŠ•ç¨¿é–¢é€£ç”»é¢ è©³ç´°ç”»é¢[0m
[31mrspec ./spec/system/header_spec.rb:23[0m [36m# ãƒ˜ãƒƒãƒ€ãƒ¼ã®ãƒ†ã‚¹ãƒˆ ãƒ­ã‚°ã‚¤ãƒ³ã—ã¦ã„ãªã„å ´åˆ ãƒ˜ãƒƒãƒ€ãƒ¼ã®è¡¨ç¤ºã‚’ç¢ºèª Sign upãƒªãƒ³ã‚¯ãŒè¡¨ç¤ºã•ã‚Œã‚‹[0m
[31mrspec ./spec/system/header_spec.rb:43[0m [36m# ãƒ˜ãƒƒãƒ€ãƒ¼ã®ãƒ†ã‚¹ãƒˆ ãƒ­ã‚°ã‚¤ãƒ³ã—ã¦ã„ãªã„å ´åˆ ãƒ˜ãƒƒãƒ€ãƒ¼ã®ãƒªãƒ³ã‚¯ã‚’ç¢ºèª Aboutç”»é¢ã«é·ç§»ã™ã‚‹[0m
[31mrspec ./spec/system/main_spec.rb:8[0m [36m# ãƒ¦ãƒ¼ã‚¶ãƒ¼æ¨©é™ã®ãƒ†ã‚¹ãƒˆ ãƒ­ã‚°ã‚¤ãƒ³ã—ã¦ã„ãªã„å ´åˆ æŠ•ç¨¿é–¢é€£ã®URLã«ã‚¢ã‚¯ã‚»ã‚¹ ä¸€è¦§ç”»é¢ã«é·ç§»ã§ããªã„[0m
[31mrspec ./spec/system/main_spec.rb:12[0m [36m# ãƒ¦ãƒ¼ã‚¶ãƒ¼æ¨©é™ã®ãƒ†ã‚¹ãƒˆ ãƒ­ã‚°ã‚¤ãƒ³ã—ã¦ã„ãªã„å ´åˆ æŠ•ç¨¿é–¢é€£ã®URLã«ã‚¢ã‚¯ã‚»ã‚¹ ç·¨é›†ç”»é¢ã«é·ç§»ã§ããªã„[0m
[31mrspec ./spec/system/main_spec.rb:16[0m [36m# ãƒ¦ãƒ¼ã‚¶ãƒ¼æ¨©é™ã®ãƒ†ã‚¹ãƒˆ ãƒ­ã‚°ã‚¤ãƒ³ã—ã¦ã„ãªã„å ´åˆ æŠ•ç¨¿é–¢é€£ã®URLã«ã‚¢ã‚¯ã‚»ã‚¹ è©³ç´°ç”»é¢ã«é·ç§»ã§ããªã„[0m
[31mrspec ./spec/system/main_spec.rb:24[0m [36m# ãƒ¦ãƒ¼ã‚¶ãƒ¼æ¨©é™ã®ãƒ†ã‚¹ãƒˆ ãƒ­ã‚°ã‚¤ãƒ³ã—ã¦ã„ãªã„å ´åˆã«ãƒ¦ãƒ¼ã‚¶ãƒ¼é–¢é€£ã®URLã«ã‚¢ã‚¯ã‚»ã‚¹ ãƒ¦ãƒ¼ã‚¶ãƒ¼é–¢é€£ã®URLã«ã‚¢ã‚¯ã‚»ã‚¹ ä¸€è¦§ç”»é¢ã«é·ç§»ã§ããªã„[0m
[31mrspec ./spec/system/main_spec.rb:28[0m [36m# ãƒ¦ãƒ¼ã‚¶ãƒ¼æ¨©é™ã®ãƒ†ã‚¹ãƒˆ ãƒ­ã‚°ã‚¤ãƒ³ã—ã¦ã„ãªã„å ´åˆã«ãƒ¦ãƒ¼ã‚¶ãƒ¼é–¢é€£ã®URLã«ã‚¢ã‚¯ã‚»ã‚¹ ãƒ¦ãƒ¼ã‚¶ãƒ¼é–¢é€£ã®URLã«ã‚¢ã‚¯ã‚»ã‚¹ ç·¨é›†ç”»é¢ã«é·ç§»ã§ããªã„[0m
[31mrspec ./spec/system/main_spec.rb:32[0m [36m# ãƒ¦ãƒ¼ã‚¶ãƒ¼æ¨©é™ã®ãƒ†ã‚¹ãƒˆ ãƒ­ã‚°ã‚¤ãƒ³ã—ã¦ã„ãªã„å ´åˆã«ãƒ¦ãƒ¼ã‚¶ãƒ¼é–¢é€£ã®URLã«ã‚¢ã‚¯ã‚»ã‚¹ ãƒ¦ãƒ¼ã‚¶ãƒ¼é–¢é€£ã®URLã«ã‚¢ã‚¯ã‚»ã‚¹ è©³ç´°ç”»é¢ã«é·ç§»ã§ãªã„[0m
[31mrspec ./spec/system/top_spec.rb:10[0m [36m# ãƒˆãƒƒãƒ—ãƒšãƒ¼ã‚¸ã®ãƒ†ã‚¹ãƒˆ ãƒœãƒ‡ã‚£éƒ¨åˆ†ã®ãƒ†ã‚¹ãƒˆ è¡¨ç¤ºã®ç¢ºèª Log inãƒªãƒ³ã‚¯ãŒè¡¨ç¤ºã•ã‚Œã‚‹[0m
[31mrspec ./spec/system/top_spec.rb:15[0m [36m# ãƒˆãƒƒãƒ—ãƒšãƒ¼ã‚¸ã®ãƒ†ã‚¹ãƒˆ ãƒœãƒ‡ã‚£éƒ¨åˆ†ã®ãƒ†ã‚¹ãƒˆ è¡¨ç¤ºã®ç¢ºèª Sign Upãƒªãƒ³ã‚¯ãŒè¡¨ç¤ºã•ã‚Œã‚‹[0m
[31mrspec ./spec/system/users_spec.rb:70[0m [36m# ãƒ¦ãƒ¼ã‚¶ãƒ¼ã®ãƒ†ã‚¹ãƒˆ ã‚µã‚¤ãƒ‰ãƒãƒ¼ã®ãƒ†ã‚¹ãƒˆ è¡¨ç¤ºã®ç¢ºèª ç”»åƒãŒè¡¨ç¤ºã•ã‚Œã‚‹[0m
[31mrspec ./spec/system/users_spec.rb:94[0m [36m# ãƒ¦ãƒ¼ã‚¶ãƒ¼ã®ãƒ†ã‚¹ãƒˆ ç·¨é›†ã®ãƒ†ã‚¹ãƒˆ ä»–äººã®ç·¨é›†ç”»é¢ã¸ã®é·ç§» é·ç§»ã§ããªã„[0m
[31mrspec ./spec/system/users_spec.rb:116[0m [36m# ãƒ¦ãƒ¼ã‚¶ãƒ¼ã®ãƒ†ã‚¹ãƒˆ ç·¨é›†ã®ãƒ†ã‚¹ãƒˆ è¡¨ç¤ºã®ç¢ºèª ç·¨é›†ã«æˆåŠŸã™ã‚‹[0m
[31mrspec ./spec/system/users_spec.rb:121[0m [36m# ãƒ¦ãƒ¼ã‚¶ãƒ¼ã®ãƒ†ã‚¹ãƒˆ ç·¨é›†ã®ãƒ†ã‚¹ãƒˆ è¡¨ç¤ºã®ç¢ºèª ç·¨é›†ã«å¤±æ•—ã™ã‚‹[0m
[31mrspec ./spec/system/users_spec.rb:139[0m [36m# ãƒ¦ãƒ¼ã‚¶ãƒ¼ã®ãƒ†ã‚¹ãƒˆ ä¸€è¦§ç”»é¢ã®ãƒ†ã‚¹ãƒˆ è¡¨ç¤ºã®ç¢ºèª è‡ªåˆ†ã¨ä»–ã®äººã®ç”»åƒãŒè¡¨ç¤ºã•ã‚Œã‚‹[0m
[31mrspec ./spec/system/users_spec.rb:146[0m [36m# ãƒ¦ãƒ¼ã‚¶ãƒ¼ã®ãƒ†ã‚¹ãƒˆ ä¸€è¦§ç”»é¢ã®ãƒ†ã‚¹ãƒˆ è¡¨ç¤ºã®ç¢ºèª showãƒªãƒ³ã‚¯ãŒè¡¨ç¤ºã•ã‚Œã‚‹[0m

